// ultra-burst commit 1 - 2025-09-24T20:21:46
// ultra-burst commit 2 - 2025-09-24T20:21:49
// ultra-burst commit 3 - 2025-09-24T20:21:50
// ultra-burst commit 4 - 2025-09-24T20:21:51
// ultra-burst commit 5 - 2025-09-24T20:21:52
// ultra-burst commit 6 - 2025-09-24T20:21:53
// ultra-burst commit 7 - 2025-09-24T20:21:54
// ultra-burst commit 8 - 2025-09-24T20:21:55
// ultra-burst commit 9 - 2025-09-24T20:21:56
// ultra-burst commit 10 - 2025-09-24T20:21:57
// ultra-burst commit 11 - 2025-09-24T20:21:58
// ultra-burst commit 12 - 2025-09-24T20:21:59
// ultra-burst commit 13 - 2025-09-24T20:22:00
// ultra-burst commit 14 - 2025-09-24T20:22:01
// ultra-burst commit 15 - 2025-09-24T20:22:02
// ultra-burst commit 16 - 2025-09-24T20:22:03
// ultra-burst commit 17 - 2025-09-24T20:22:04
// ultra-burst commit 18 - 2025-09-24T20:22:05
// ultra-burst commit 19 - 2025-09-24T20:22:06
// ultra-burst commit 20 - 2025-09-24T20:22:07
// ultra-burst commit 21 - 2025-09-24T20:22:08
// ultra-burst commit 22 - 2025-09-24T20:22:09
// ultra-burst commit 23 - 2025-09-24T20:22:10
// ultra-burst commit 24 - 2025-09-24T20:22:12
// ultra-burst commit 25 - 2025-09-24T20:22:13
// ultra-burst commit 26 - 2025-09-24T20:22:13
// ultra-burst commit 27 - 2025-09-24T20:22:15
// ultra-burst commit 28 - 2025-09-24T20:22:15
// ultra-burst commit 29 - 2025-09-24T20:22:16
// ultra-burst commit 30 - 2025-09-24T20:22:17
// ultra-burst commit 31 - 2025-09-24T20:22:18
// ultra-burst commit 32 - 2025-09-24T20:22:19
// ultra-burst commit 33 - 2025-09-24T20:22:20
// ultra-burst commit 34 - 2025-09-24T20:22:21
// ultra-burst commit 35 - 2025-09-24T20:22:23
// ultra-burst commit 36 - 2025-09-24T20:22:23
// ultra-burst commit 37 - 2025-09-24T20:22:24
// ultra-burst commit 38 - 2025-09-24T20:22:25
// ultra-burst commit 39 - 2025-09-24T20:22:26
// ultra-burst commit 40 - 2025-09-24T20:22:27
// ultra-burst commit 1 - 2025-09-24T22:23:57
// ultra-burst commit 2 - 2025-09-24T22:23:59
// ultra-burst commit 3 - 2025-09-24T22:24:00
// ultra-burst commit 4 - 2025-09-24T22:24:01
// ultra-burst commit 5 - 2025-09-24T22:24:02
// ultra-burst commit 6 - 2025-09-24T22:24:03
// ultra-burst commit 7 - 2025-09-24T22:24:03
// ultra-burst commit 8 - 2025-09-24T22:24:04
// ultra-burst commit 9 - 2025-09-24T22:24:05
// ultra-burst commit 10 - 2025-09-24T22:24:06
// ultra-burst commit 11 - 2025-09-24T22:24:07
// ultra-burst commit 12 - 2025-09-24T22:24:08
// ultra-burst commit 13 - 2025-09-24T22:24:09
// ultra-burst commit 14 - 2025-09-24T22:24:10
// ultra-burst commit 15 - 2025-09-24T22:24:11
// ultra-burst commit 16 - 2025-09-24T22:24:12
// ultra-burst commit 17 - 2025-09-24T22:24:13
// ultra-burst commit 18 - 2025-09-24T22:24:14
// ultra-burst commit 19 - 2025-09-24T22:24:15
// ultra-burst commit 20 - 2025-09-24T22:24:16
// ultra-burst commit 21 - 2025-09-24T22:24:17
// ultra-burst commit 22 - 2025-09-24T22:24:18
// ultra-burst commit 23 - 2025-09-24T22:24:19
// ultra-burst commit 24 - 2025-09-24T22:24:20
// ultra-burst commit 25 - 2025-09-24T22:24:21
// ultra-burst commit 26 - 2025-09-24T22:24:22
// ultra-burst commit 27 - 2025-09-24T22:24:23
// ultra-burst commit 28 - 2025-09-24T22:24:24
// ultra-burst commit 29 - 2025-09-24T22:24:25
// ultra-burst commit 30 - 2025-09-24T22:24:26
// ultra-burst commit 31 - 2025-09-24T22:24:27
// ultra-burst commit 32 - 2025-09-24T22:24:28
// ultra-burst commit 33 - 2025-09-24T22:24:29
// ultra-burst commit 34 - 2025-09-24T22:24:30
// ultra-burst commit 35 - 2025-09-24T22:24:31
// ultra-burst commit 36 - 2025-09-24T22:24:32
// ultra-burst commit 37 - 2025-09-24T22:24:33
// ultra-burst commit 38 - 2025-09-24T22:24:34
// ultra-burst commit 39 - 2025-09-24T22:24:35
// ultra-burst commit 40 - 2025-09-24T22:24:36
// ultra-burst commit 1 - 2025-09-25T18:16:40
// ultra-burst commit 2 - 2025-09-25T18:16:43
// ultra-burst commit 3 - 2025-09-25T18:16:44
// ultra-burst commit 4 - 2025-09-25T18:16:45
// ultra-burst commit 5 - 2025-09-25T18:16:46
// ultra-burst commit 6 - 2025-09-25T18:16:47
// ultra-burst commit 7 - 2025-09-25T18:16:48
// ultra-burst commit 8 - 2025-09-25T18:16:50
// ultra-burst commit 9 - 2025-09-25T18:16:51
// ultra-burst commit 10 - 2025-09-25T18:16:52
// ultra-burst commit 11 - 2025-09-25T18:16:53
// ultra-burst commit 12 - 2025-09-25T18:16:55
// ultra-burst commit 13 - 2025-09-25T18:16:56
// ultra-burst commit 14 - 2025-09-25T18:16:58
// ultra-burst commit 15 - 2025-09-25T18:16:59
// ultra-burst commit 16 - 2025-09-25T18:17:00
// ultra-burst commit 17 - 2025-09-25T18:17:01
// ultra-burst commit 18 - 2025-09-25T18:17:02
// ultra-burst commit 19 - 2025-09-25T18:17:04
// ultra-burst commit 20 - 2025-09-25T18:17:05
// ultra-burst commit 21 - 2025-09-25T18:17:06
// ultra-burst commit 22 - 2025-09-25T18:17:08
// ultra-burst commit 23 - 2025-09-25T18:17:09
// ultra-burst commit 24 - 2025-09-25T18:17:10
// ultra-burst commit 25 - 2025-09-25T18:17:12
// ultra-burst commit 26 - 2025-09-25T18:17:13
// ultra-burst commit 27 - 2025-09-25T18:17:14
// ultra-burst commit 28 - 2025-09-25T18:17:15
// ultra-burst commit 29 - 2025-09-25T18:17:17
// ultra-burst commit 30 - 2025-09-25T18:17:18
// ultra-burst commit 31 - 2025-09-25T18:17:20
// ultra-burst commit 32 - 2025-09-25T18:17:21
// ultra-burst commit 33 - 2025-09-25T18:17:23
// ultra-burst commit 34 - 2025-09-25T18:17:24
// ultra-burst commit 35 - 2025-09-25T18:17:25
// ultra-burst commit 36 - 2025-09-25T18:17:27
// ultra-burst commit 37 - 2025-09-25T18:17:28
// ultra-burst commit 38 - 2025-09-25T18:17:29
// ultra-burst commit 39 - 2025-09-25T18:17:30
// ultra-burst commit 40 - 2025-09-25T18:17:31
// ultra-burst commit 1 - 2025-09-26T14:04:42
// ultra-burst commit 2 - 2025-09-26T14:04:44
// ultra-burst commit 3 - 2025-09-26T14:04:45
// ultra-burst commit 4 - 2025-09-26T14:04:46
// ultra-burst commit 5 - 2025-09-26T14:04:47
// ultra-burst commit 6 - 2025-09-26T14:04:48
// ultra-burst commit 7 - 2025-09-26T14:04:49
// ultra-burst commit 8 - 2025-09-26T14:04:50
// ultra-burst commit 9 - 2025-09-26T14:04:51
// ultra-burst commit 10 - 2025-09-26T14:04:52
// ultra-burst commit 11 - 2025-09-26T14:04:53
// ultra-burst commit 12 - 2025-09-26T14:04:54
// ultra-burst commit 13 - 2025-09-26T14:04:55
// ultra-burst commit 14 - 2025-09-26T14:04:56
// ultra-burst commit 15 - 2025-09-26T14:04:57
// ultra-burst commit 16 - 2025-09-26T14:04:58
// ultra-burst commit 17 - 2025-09-26T14:04:59
// ultra-burst commit 18 - 2025-09-26T14:05:00
// ultra-burst commit 19 - 2025-09-26T14:05:01
// ultra-burst commit 20 - 2025-09-26T14:05:02
// ultra-burst commit 21 - 2025-09-26T14:05:03
// ultra-burst commit 22 - 2025-09-26T14:05:04
// ultra-burst commit 23 - 2025-09-26T14:05:05
// ultra-burst commit 24 - 2025-09-26T14:05:06
// ultra-burst commit 25 - 2025-09-26T14:05:07
// ultra-burst commit 26 - 2025-09-26T14:05:08
// ultra-burst commit 27 - 2025-09-26T14:05:09
// ultra-burst commit 28 - 2025-09-26T14:05:10
// ultra-burst commit 29 - 2025-09-26T14:05:11
// ultra-burst commit 30 - 2025-09-26T14:05:12
// ultra-burst commit 31 - 2025-09-26T14:05:13
// ultra-burst commit 32 - 2025-09-26T14:05:14
// ultra-burst commit 33 - 2025-09-26T14:05:15
// ultra-burst commit 34 - 2025-09-26T14:05:16
// ultra-burst commit 35 - 2025-09-26T14:05:17
// ultra-burst commit 36 - 2025-09-26T14:05:18
// ultra-burst commit 37 - 2025-09-26T14:05:19
// ultra-burst commit 38 - 2025-09-26T14:05:20
// ultra-burst commit 39 - 2025-09-26T14:05:21
// ultra-burst commit 40 - 2025-09-26T14:05:22
// ultra-burst commit 1 - 2025-09-27T14:06:48
// ultra-burst commit 2 - 2025-09-27T14:06:52
// ultra-burst commit 3 - 2025-09-27T14:06:53
// ultra-burst commit 4 - 2025-09-27T14:06:54
// ultra-burst commit 5 - 2025-09-27T14:06:55
// ultra-burst commit 6 - 2025-09-27T14:06:56
// ultra-burst commit 7 - 2025-09-27T14:06:58
// ultra-burst commit 8 - 2025-09-27T14:06:59
// ultra-burst commit 9 - 2025-09-27T14:07:00
// ultra-burst commit 10 - 2025-09-27T14:07:02
// ultra-burst commit 11 - 2025-09-27T14:07:03
// ultra-burst commit 12 - 2025-09-27T14:07:04
// ultra-burst commit 13 - 2025-09-27T14:07:05
// ultra-burst commit 14 - 2025-09-27T14:07:06
// ultra-burst commit 15 - 2025-09-27T14:07:09
// ultra-burst commit 16 - 2025-09-27T14:07:10
// ultra-burst commit 17 - 2025-09-27T14:07:13
// ultra-burst commit 18 - 2025-09-27T14:07:14
// ultra-burst commit 19 - 2025-09-27T14:07:17
// ultra-burst commit 20 - 2025-09-27T14:07:18
// ultra-burst commit 21 - 2025-09-27T14:07:19
// ultra-burst commit 22 - 2025-09-27T14:07:23
// ultra-burst commit 23 - 2025-09-27T14:07:24
// ultra-burst commit 24 - 2025-09-27T14:07:25
// ultra-burst commit 25 - 2025-09-27T14:07:27
// ultra-burst commit 26 - 2025-09-27T14:07:28
// ultra-burst commit 27 - 2025-09-27T14:07:29
// ultra-burst commit 28 - 2025-09-27T14:07:30
// ultra-burst commit 29 - 2025-09-27T14:07:32
// ultra-burst commit 30 - 2025-09-27T14:07:34
// ultra-burst commit 31 - 2025-09-27T14:07:35
// ultra-burst commit 32 - 2025-09-27T14:07:36
// ultra-burst commit 33 - 2025-09-27T14:07:37
// ultra-burst commit 34 - 2025-09-27T14:07:39
// ultra-burst commit 35 - 2025-09-27T14:07:40
// ultra-burst commit 36 - 2025-09-27T14:07:41
// ultra-burst commit 37 - 2025-09-27T14:07:42
// ultra-burst commit 38 - 2025-09-27T14:07:43
// ultra-burst commit 39 - 2025-09-27T14:07:44
// ultra-burst commit 40 - 2025-09-27T14:07:45
// ultra-burst commit 1 - 2025-09-28T13:16:36
// ultra-burst commit 2 - 2025-09-28T13:16:41
// ultra-burst commit 3 - 2025-09-28T13:16:43
// ultra-burst commit 4 - 2025-09-28T13:16:44
// ultra-burst commit 5 - 2025-09-28T13:16:46
// ultra-burst commit 6 - 2025-09-28T13:16:48
// ultra-burst commit 7 - 2025-09-28T13:16:49
// ultra-burst commit 8 - 2025-09-28T13:16:51
// ultra-burst commit 9 - 2025-09-28T13:16:52
// ultra-burst commit 10 - 2025-09-28T13:16:53
// ultra-burst commit 11 - 2025-09-28T13:16:55
// ultra-burst commit 12 - 2025-09-28T13:16:56
// ultra-burst commit 13 - 2025-09-28T13:16:58
// ultra-burst commit 14 - 2025-09-28T13:16:59
// ultra-burst commit 15 - 2025-09-28T13:17:00
// ultra-burst commit 16 - 2025-09-28T13:17:02
// ultra-burst commit 17 - 2025-09-28T13:17:03
// ultra-burst commit 18 - 2025-09-28T13:17:04
// ultra-burst commit 19 - 2025-09-28T13:17:05
// ultra-burst commit 20 - 2025-09-28T13:17:06
// ultra-burst commit 21 - 2025-09-28T13:17:07
// ultra-burst commit 22 - 2025-09-28T13:17:08
// ultra-burst commit 23 - 2025-09-28T13:17:09
// ultra-burst commit 24 - 2025-09-28T13:17:10
// ultra-burst commit 25 - 2025-09-28T13:17:11
// ultra-burst commit 26 - 2025-09-28T13:17:12
// ultra-burst commit 27 - 2025-09-28T13:17:13
// ultra-burst commit 28 - 2025-09-28T13:17:14
// ultra-burst commit 29 - 2025-09-28T13:17:15
// ultra-burst commit 30 - 2025-09-28T13:17:16
// ultra-burst commit 31 - 2025-09-28T13:17:17
// ultra-burst commit 32 - 2025-09-28T13:17:18
// ultra-burst commit 33 - 2025-09-28T13:17:20
// ultra-burst commit 34 - 2025-09-28T13:17:21
// ultra-burst commit 35 - 2025-09-28T13:17:22
// ultra-burst commit 36 - 2025-09-28T13:17:23
// ultra-burst commit 37 - 2025-09-28T13:17:24
// ultra-burst commit 38 - 2025-09-28T13:17:26
// ultra-burst commit 39 - 2025-09-28T13:17:27
// ultra-burst commit 40 - 2025-09-28T13:17:28
// ultra-burst commit 1 - 2025-09-29T18:37:17
// ultra-burst commit 2 - 2025-09-29T18:37:20
// ultra-burst commit 3 - 2025-09-29T18:37:21
// ultra-burst commit 4 - 2025-09-29T18:37:22
// ultra-burst commit 5 - 2025-09-29T18:37:23
// ultra-burst commit 6 - 2025-09-29T18:37:24
// ultra-burst commit 7 - 2025-09-29T18:37:25
// ultra-burst commit 8 - 2025-09-29T18:37:26
// ultra-burst commit 9 - 2025-09-29T18:37:27
// ultra-burst commit 10 - 2025-09-29T18:37:28
// ultra-burst commit 11 - 2025-09-29T18:37:29
// ultra-burst commit 12 - 2025-09-29T18:37:30
// ultra-burst commit 13 - 2025-09-29T18:37:31
// ultra-burst commit 14 - 2025-09-29T18:37:32
// ultra-burst commit 15 - 2025-09-29T18:37:33
// ultra-burst commit 16 - 2025-09-29T18:37:34
// ultra-burst commit 17 - 2025-09-29T18:37:35
// ultra-burst commit 18 - 2025-09-29T18:37:36
// ultra-burst commit 19 - 2025-09-29T18:37:37
// ultra-burst commit 20 - 2025-09-29T18:37:39
// ultra-burst commit 21 - 2025-09-29T18:37:40
// ultra-burst commit 22 - 2025-09-29T18:37:41
// ultra-burst commit 23 - 2025-09-29T18:37:42
// ultra-burst commit 24 - 2025-09-29T18:37:43
// ultra-burst commit 25 - 2025-09-29T18:37:44
// ultra-burst commit 26 - 2025-09-29T18:37:45
// ultra-burst commit 27 - 2025-09-29T18:37:46
// ultra-burst commit 28 - 2025-09-29T18:37:47
// ultra-burst commit 29 - 2025-09-29T18:37:48
// ultra-burst commit 30 - 2025-09-29T18:37:49
// ultra-burst commit 31 - 2025-09-29T18:37:50
// ultra-burst commit 32 - 2025-09-29T18:37:51
// ultra-burst commit 33 - 2025-09-29T18:37:52
// ultra-burst commit 34 - 2025-09-29T18:37:53
// ultra-burst commit 35 - 2025-09-29T18:37:54
// ultra-burst commit 36 - 2025-09-29T18:37:55
// ultra-burst commit 37 - 2025-09-29T18:37:56
// ultra-burst commit 38 - 2025-09-29T18:37:57
// ultra-burst commit 39 - 2025-09-29T18:37:58
// ultra-burst commit 40 - 2025-09-29T18:37:59
// ultra-burst commit 1 - 2025-09-30T12:40:55
// ultra-burst commit 2 - 2025-09-30T12:40:57
// ultra-burst commit 3 - 2025-09-30T12:40:58
// ultra-burst commit 4 - 2025-09-30T12:41:00
// ultra-burst commit 5 - 2025-09-30T12:41:01
// ultra-burst commit 6 - 2025-09-30T12:41:02
// ultra-burst commit 7 - 2025-09-30T12:41:04
// ultra-burst commit 8 - 2025-09-30T12:41:05
// ultra-burst commit 9 - 2025-09-30T12:41:07
// ultra-burst commit 10 - 2025-09-30T12:41:08
// ultra-burst commit 11 - 2025-09-30T12:41:09
// ultra-burst commit 12 - 2025-09-30T12:41:11
// ultra-burst commit 13 - 2025-09-30T12:41:12
// ultra-burst commit 14 - 2025-09-30T12:41:13
// ultra-burst commit 15 - 2025-09-30T12:41:15
// ultra-burst commit 16 - 2025-09-30T12:41:16
// ultra-burst commit 17 - 2025-09-30T12:41:17
// ultra-burst commit 18 - 2025-09-30T12:41:19
// ultra-burst commit 19 - 2025-09-30T12:41:20
// ultra-burst commit 20 - 2025-09-30T12:41:21
// ultra-burst commit 21 - 2025-09-30T12:41:23
// ultra-burst commit 22 - 2025-09-30T12:41:24
// ultra-burst commit 23 - 2025-09-30T12:41:25
// ultra-burst commit 24 - 2025-09-30T12:41:26
// ultra-burst commit 25 - 2025-09-30T12:41:27
// ultra-burst commit 26 - 2025-09-30T12:41:28
// ultra-burst commit 27 - 2025-09-30T12:41:30
// ultra-burst commit 28 - 2025-09-30T12:41:31
// ultra-burst commit 29 - 2025-09-30T12:41:32
// ultra-burst commit 30 - 2025-09-30T12:41:34
// ultra-burst commit 31 - 2025-09-30T12:41:35
// ultra-burst commit 32 - 2025-09-30T12:41:36
// ultra-burst commit 33 - 2025-09-30T12:41:38
// ultra-burst commit 34 - 2025-09-30T12:41:42
// ultra-burst commit 35 - 2025-09-30T12:41:43
// ultra-burst commit 36 - 2025-09-30T12:41:45
// ultra-burst commit 37 - 2025-09-30T12:41:47
// ultra-burst commit 38 - 2025-09-30T12:41:49
// ultra-burst commit 39 - 2025-09-30T12:41:50
// ultra-burst commit 40 - 2025-09-30T12:41:51
// ultra-burst commit 1 - 2025-10-05T23:22:43
// ultra-burst commit 2 - 2025-10-05T23:22:47
// ultra-burst commit 3 - 2025-10-05T23:22:48
// ultra-burst commit 4 - 2025-10-05T23:22:49
// ultra-burst commit 5 - 2025-10-05T23:22:50
// ultra-burst commit 6 - 2025-10-05T23:22:51
// ultra-burst commit 7 - 2025-10-05T23:22:52
// ultra-burst commit 8 - 2025-10-05T23:22:53
// ultra-burst commit 9 - 2025-10-05T23:22:54
// ultra-burst commit 10 - 2025-10-05T23:22:55
// ultra-burst commit 11 - 2025-10-05T23:22:56
// ultra-burst commit 12 - 2025-10-05T23:22:57
// ultra-burst commit 13 - 2025-10-05T23:22:58
// ultra-burst commit 14 - 2025-10-05T23:23:00
// ultra-burst commit 15 - 2025-10-05T23:23:01
// ultra-burst commit 16 - 2025-10-05T23:23:02
// ultra-burst commit 17 - 2025-10-05T23:23:03
// ultra-burst commit 18 - 2025-10-05T23:23:04
// ultra-burst commit 19 - 2025-10-05T23:23:05
// ultra-burst commit 20 - 2025-10-05T23:23:06
// ultra-burst commit 21 - 2025-10-05T23:23:07
// ultra-burst commit 22 - 2025-10-05T23:23:08
// ultra-burst commit 23 - 2025-10-05T23:23:09
// ultra-burst commit 24 - 2025-10-05T23:23:10
// ultra-burst commit 25 - 2025-10-05T23:23:11
// ultra-burst commit 26 - 2025-10-05T23:23:12
// ultra-burst commit 27 - 2025-10-05T23:23:14
// ultra-burst commit 28 - 2025-10-05T23:23:14
// ultra-burst commit 29 - 2025-10-05T23:23:16
// ultra-burst commit 30 - 2025-10-05T23:23:17
// ultra-burst commit 31 - 2025-10-05T23:23:18
// ultra-burst commit 32 - 2025-10-05T23:23:19
// ultra-burst commit 33 - 2025-10-05T23:23:20
// ultra-burst commit 34 - 2025-10-05T23:23:21
// ultra-burst commit 35 - 2025-10-05T23:23:22
// ultra-burst commit 36 - 2025-10-05T23:23:23
// ultra-burst commit 37 - 2025-10-05T23:23:24
// ultra-burst commit 38 - 2025-10-05T23:23:25
// ultra-burst commit 39 - 2025-10-05T23:23:26
// ultra-burst commit 40 - 2025-10-05T23:23:27
// ultra-burst commit for missed day 1 - 2025-10-01T00:00:00
// ultra-burst commit for missed day 2 - 2025-10-02T00:00:00
// ultra-burst commit for missed day 3 - 2025-10-03T00:00:00
// ultra-burst commit for missed day 4 - 2025-10-04T00:00:00
// ultra-burst commit 1 - 2025-10-05T23:31:31
// ultra-burst commit 2 - 2025-10-05T23:31:32
// ultra-burst commit 3 - 2025-10-05T23:31:33
// ultra-burst commit 4 - 2025-10-05T23:31:34
// ultra-burst commit 5 - 2025-10-05T23:31:35
// ultra-burst commit 6 - 2025-10-05T23:31:36
// ultra-burst commit 7 - 2025-10-05T23:31:37
// ultra-burst commit 8 - 2025-10-05T23:31:38
// ultra-burst commit 9 - 2025-10-05T23:31:39
// ultra-burst commit 10 - 2025-10-05T23:31:40
// ultra-burst commit 11 - 2025-10-05T23:31:41
// ultra-burst commit 12 - 2025-10-05T23:31:42
// ultra-burst commit 13 - 2025-10-05T23:31:43
// ultra-burst commit 14 - 2025-10-05T23:31:44
// ultra-burst commit 15 - 2025-10-05T23:31:45
// ultra-burst commit 16 - 2025-10-05T23:31:46
// ultra-burst commit 17 - 2025-10-05T23:31:47
// ultra-burst commit 18 - 2025-10-05T23:31:48
// ultra-burst commit 19 - 2025-10-05T23:31:49
// ultra-burst commit 20 - 2025-10-05T23:31:50
// ultra-burst commit 21 - 2025-10-05T23:31:51
// ultra-burst commit 22 - 2025-10-05T23:31:52
// ultra-burst commit 23 - 2025-10-05T23:31:53
// ultra-burst commit 24 - 2025-10-05T23:31:54
// ultra-burst commit 25 - 2025-10-05T23:31:55
// ultra-burst commit 26 - 2025-10-05T23:31:56
// ultra-burst commit 27 - 2025-10-05T23:31:58
// ultra-burst commit 28 - 2025-10-05T23:31:59
// ultra-burst commit 29 - 2025-10-05T23:32:00
// ultra-burst commit 30 - 2025-10-05T23:32:01
// ultra-burst commit 31 - 2025-10-05T23:32:02
// ultra-burst commit 32 - 2025-10-05T23:32:03
// ultra-burst commit 33 - 2025-10-05T23:32:04
// ultra-burst commit 34 - 2025-10-05T23:32:05
// ultra-burst commit 35 - 2025-10-05T23:32:06
// ultra-burst commit 36 - 2025-10-05T23:32:07
// ultra-burst commit 37 - 2025-10-05T23:32:08
// ultra-burst commit 38 - 2025-10-05T23:32:09
// ultra-burst commit 39 - 2025-10-05T23:32:10
// ultra-burst commit 40 - 2025-10-05T23:32:11
// ultra-burst commit for missed day - 2025-10-01T00:00:00, commit 1
// ultra-burst commit for missed day - 2025-10-01T00:00:00, commit 2
// ultra-burst commit for missed day - 2025-10-01T00:00:00, commit 3
// ultra-burst commit for missed day - 2025-10-01T00:00:00, commit 4
// ultra-burst commit for missed day - 2025-10-01T00:00:00, commit 5
// ultra-burst commit for missed day - 2025-10-01T00:00:00, commit 6
// ultra-burst commit for missed day - 2025-10-02T00:00:00, commit 1
// ultra-burst commit for missed day - 2025-10-02T00:00:00, commit 2
// ultra-burst commit for missed day - 2025-10-02T00:00:00, commit 3
// ultra-burst commit for missed day - 2025-10-02T00:00:00, commit 4
// ultra-burst commit for missed day - 2025-10-02T00:00:00, commit 5
// ultra-burst commit for missed day - 2025-10-02T00:00:00, commit 6
// ultra-burst commit for missed day - 2025-10-03T00:00:00, commit 1
// ultra-burst commit for missed day - 2025-10-03T00:00:00, commit 2
// ultra-burst commit for missed day - 2025-10-03T00:00:00, commit 3
// ultra-burst commit for missed day - 2025-10-03T00:00:00, commit 4
// ultra-burst commit for missed day - 2025-10-03T00:00:00, commit 5
// ultra-burst commit for missed day - 2025-10-03T00:00:00, commit 6
// ultra-burst commit for missed day - 2025-10-04T00:00:00, commit 1
// ultra-burst commit for missed day - 2025-10-04T00:00:00, commit 2
// ultra-burst commit for missed day - 2025-10-04T00:00:00, commit 3
// ultra-burst commit for missed day - 2025-10-04T00:00:00, commit 4
// ultra-burst commit for missed day - 2025-10-04T00:00:00, commit 5
// ultra-burst commit for missed day - 2025-10-04T00:00:00, commit 6
// ultra-burst commit 1 - 2025-10-05T23:34:09
// ultra-burst commit 2 - 2025-10-05T23:34:10
// ultra-burst commit 3 - 2025-10-05T23:34:11
// ultra-burst commit 4 - 2025-10-05T23:34:12
// ultra-burst commit 5 - 2025-10-05T23:34:13
// ultra-burst commit 6 - 2025-10-05T23:34:14
// ultra-burst commit 7 - 2025-10-05T23:34:15
// ultra-burst commit 8 - 2025-10-05T23:34:16
// ultra-burst commit 9 - 2025-10-05T23:34:17
// ultra-burst commit 10 - 2025-10-05T23:34:18
// ultra-burst commit 11 - 2025-10-05T23:34:19
// ultra-burst commit 12 - 2025-10-05T23:34:20
// ultra-burst commit 13 - 2025-10-05T23:34:21
// ultra-burst commit 14 - 2025-10-05T23:34:22
// ultra-burst commit 15 - 2025-10-05T23:34:23
// ultra-burst commit 16 - 2025-10-05T23:34:24
// ultra-burst commit 17 - 2025-10-05T23:34:25
// ultra-burst commit 18 - 2025-10-05T23:34:26
// ultra-burst commit 19 - 2025-10-05T23:34:27
// ultra-burst commit 20 - 2025-10-05T23:34:28
// ultra-burst commit 21 - 2025-10-05T23:34:29
// ultra-burst commit 22 - 2025-10-05T23:34:30
// ultra-burst commit 23 - 2025-10-05T23:34:32
// ultra-burst commit 24 - 2025-10-05T23:34:33
// ultra-burst commit 25 - 2025-10-05T23:34:33
// ultra-burst commit 26 - 2025-10-05T23:34:35
// ultra-burst commit 27 - 2025-10-05T23:34:36
// ultra-burst commit 28 - 2025-10-05T23:34:37
// ultra-burst commit 29 - 2025-10-05T23:34:38
// ultra-burst commit 30 - 2025-10-05T23:34:39
// ultra-burst commit 31 - 2025-10-05T23:34:39
// ultra-burst commit 32 - 2025-10-05T23:34:41
// ultra-burst commit 33 - 2025-10-05T23:34:42
// ultra-burst commit 34 - 2025-10-05T23:34:43
// ultra-burst commit 35 - 2025-10-05T23:34:44
// ultra-burst commit 36 - 2025-10-05T23:34:45
// ultra-burst commit 37 - 2025-10-05T23:34:46
// ultra-burst commit 38 - 2025-10-05T23:34:47
// ultra-burst commit 39 - 2025-10-05T23:34:48
// ultra-burst commit 40 - 2025-10-05T23:34:49
// ultra-burst commit 1 - 2025-10-06T18:48:51
// ultra-burst commit 2 - 2025-10-06T18:48:54
// ultra-burst commit 3 - 2025-10-06T18:48:55
// ultra-burst commit 4 - 2025-10-06T18:48:56
// ultra-burst commit 5 - 2025-10-06T18:48:57
// ultra-burst commit 6 - 2025-10-06T18:48:58
// ultra-burst commit 7 - 2025-10-06T18:48:59
// ultra-burst commit 8 - 2025-10-06T18:49:01
// ultra-burst commit 9 - 2025-10-06T18:49:02
// ultra-burst commit 10 - 2025-10-06T18:49:03
// ultra-burst commit 11 - 2025-10-06T18:49:04
// ultra-burst commit 12 - 2025-10-06T18:49:05
// ultra-burst commit 13 - 2025-10-06T18:49:06
// ultra-burst commit 14 - 2025-10-06T18:49:07
// ultra-burst commit 15 - 2025-10-06T18:49:08
// ultra-burst commit 16 - 2025-10-06T18:49:09
// ultra-burst commit 17 - 2025-10-06T18:49:10
// ultra-burst commit 18 - 2025-10-06T18:49:11
// ultra-burst commit 19 - 2025-10-06T18:49:12
// ultra-burst commit 20 - 2025-10-06T18:49:13
// ultra-burst commit 21 - 2025-10-06T18:49:15
// ultra-burst commit 22 - 2025-10-06T18:49:16
// ultra-burst commit 23 - 2025-10-06T18:49:17
// ultra-burst commit 24 - 2025-10-06T18:49:18
// ultra-burst commit 25 - 2025-10-06T18:49:19
// ultra-burst commit 26 - 2025-10-06T18:49:20
// ultra-burst commit 27 - 2025-10-06T18:49:21
// ultra-burst commit 28 - 2025-10-06T18:49:22
// ultra-burst commit 29 - 2025-10-06T18:49:23
// ultra-burst commit 30 - 2025-10-06T18:49:24
// ultra-burst commit 31 - 2025-10-06T18:49:25
// ultra-burst commit 32 - 2025-10-06T18:49:26
// ultra-burst commit 33 - 2025-10-06T18:49:27
// ultra-burst commit 34 - 2025-10-06T18:49:28
// ultra-burst commit 35 - 2025-10-06T18:49:29
// ultra-burst commit 36 - 2025-10-06T18:49:30
// ultra-burst commit 37 - 2025-10-06T18:49:31
// ultra-burst commit 38 - 2025-10-06T18:49:33
// ultra-burst commit 39 - 2025-10-06T18:49:34
// ultra-burst commit 40 - 2025-10-06T18:49:35
// backdated commit - 2024-10-01T00:00:00
// backdated commit - 2024-10-02T00:00:00
// backdated commit - 2024-10-03T00:00:00
// backdated commit - 2024-10-04T00:00:00
// backdated commit - 2024-10-05T00:00:00
// backdated commit - 2024-10-06T00:00:00
// backdated commit - 2024-10-07T00:00:00
// backdated commit - 2024-10-08T00:00:00
// backdated commit - 2024-10-09T00:00:00
// backdated commit - 2024-10-10T00:00:00
// backdated commit - 2024-10-11T00:00:00
// backdated commit - 2024-10-12T00:00:00
// backdated commit - 2024-10-13T00:00:00
// backdated commit - 2024-10-14T00:00:00
// backdated commit - 2024-10-15T00:00:00
// backdated commit - 2024-10-16T00:00:00
// backdated commit - 2024-10-17T00:00:00
// backdated commit - 2024-10-18T00:00:00
// backdated commit - 2024-10-19T00:00:00
// backdated commit - 2024-10-20T00:00:00
// backdated commit - 2024-10-21T00:00:00
// backdated commit - 2024-10-22T00:00:00
// backdated commit - 2024-10-23T00:00:00
// backdated commit - 2024-10-24T00:00:00
// backdated commit - 2024-10-25T00:00:00
// backdated commit - 2024-10-26T00:00:00
// backdated commit - 2024-10-27T00:00:00
// backdated commit - 2024-10-28T00:00:00
// backdated commit - 2024-10-29T00:00:00
// backdated commit - 2024-10-30T00:00:00
// backdated commit - 2024-10-31T00:00:00
// backdated commit - 2024-11-01T00:00:00
// backdated commit - 2024-11-02T00:00:00
// backdated commit - 2024-11-03T00:00:00
// backdated commit - 2024-11-04T00:00:00
// backdated commit - 2024-11-05T00:00:00
// backdated commit - 2024-11-06T00:00:00
// backdated commit - 2024-11-07T00:00:00
// backdated commit - 2024-11-08T00:00:00
// backdated commit - 2024-11-09T00:00:00
// backdated commit - 2024-11-10T00:00:00
// backdated commit - 2024-11-11T00:00:00
// backdated commit - 2024-11-12T00:00:00
// backdated commit - 2024-11-13T00:00:00
// backdated commit - 2024-11-14T00:00:00
// backdated commit - 2024-11-15T00:00:00
// backdated commit - 2024-11-16T00:00:00
// backdated commit - 2024-11-17T00:00:00
// backdated commit - 2024-11-18T00:00:00
// backdated commit - 2024-11-19T00:00:00
// backdated commit - 2024-11-20T00:00:00
// backdated commit - 2024-11-21T00:00:00
// backdated commit - 2024-11-22T00:00:00
// backdated commit - 2024-11-23T00:00:00
// backdated commit - 2024-11-24T00:00:00
// backdated commit - 2024-11-25T00:00:00
// backdated commit - 2024-11-26T00:00:00
// backdated commit - 2024-11-27T00:00:00
// backdated commit - 2024-11-28T00:00:00
// backdated commit - 2024-11-29T00:00:00
// backdated commit - 2024-11-30T00:00:00
// backdated commit - 2024-12-01T00:00:00
// backdated commit - 2024-12-02T00:00:00
// backdated commit - 2024-12-03T00:00:00
// backdated commit - 2024-12-04T00:00:00
// backdated commit - 2024-12-05T00:00:00
// backdated commit - 2024-12-06T00:00:00
// backdated commit - 2024-12-07T00:00:00
// backdated commit - 2024-12-08T00:00:00
// backdated commit - 2024-12-09T00:00:00
// backdated commit - 2024-12-10T00:00:00
// backdated commit - 2024-12-11T00:00:00
// backdated commit - 2024-12-12T00:00:00
// backdated commit - 2024-12-13T00:00:00
// backdated commit - 2024-12-14T00:00:00
// backdated commit - 2024-12-15T00:00:00
// backdated commit - 2024-12-16T00:00:00
// backdated commit - 2024-12-17T00:00:00
// backdated commit - 2024-12-18T00:00:00
// backdated commit - 2024-12-19T00:00:00
// backdated commit - 2024-12-20T00:00:00
// backdated commit - 2024-12-21T00:00:00
// backdated commit - 2024-12-22T00:00:00
// backdated commit - 2024-12-23T00:00:00
// backdated commit - 2024-12-24T00:00:00
// backdated commit - 2024-12-25T00:00:00
// backdated commit - 2024-12-26T00:00:00
// backdated commit - 2024-12-27T00:00:00
// backdated commit - 2024-12-28T00:00:00
// backdated commit - 2024-12-29T00:00:00
// backdated commit - 2024-12-30T00:00:00
// backdated commit - 2024-12-31T00:00:00
// backdated commit - 2025-01-01T00:00:00
// backdated commit - 2025-01-02T00:00:00
// backdated commit - 2025-01-03T00:00:00
// backdated commit - 2025-01-04T00:00:00
// backdated commit - 2025-01-05T00:00:00
// backdated commit - 2025-01-06T00:00:00
// backdated commit - 2025-01-07T00:00:00
// backdated commit - 2025-01-08T00:00:00
// backdated commit - 2025-01-09T00:00:00
// backdated commit - 2025-01-10T00:00:00
// backdated commit - 2025-01-11T00:00:00
// backdated commit - 2025-01-12T00:00:00
// backdated commit - 2025-01-13T00:00:00
// backdated commit - 2025-01-14T00:00:00
// backdated commit - 2025-01-15T00:00:00
// backdated commit - 2025-01-16T00:00:00
// backdated commit - 2025-01-17T00:00:00
// backdated commit - 2025-01-18T00:00:00
// backdated commit - 2025-01-19T00:00:00
// backdated commit - 2025-01-20T00:00:00
// backdated commit - 2025-01-21T00:00:00
// backdated commit - 2025-01-22T00:00:00
// backdated commit - 2025-01-23T00:00:00
// backdated commit - 2025-01-24T00:00:00
// backdated commit - 2025-01-25T00:00:00
// backdated commit - 2025-01-26T00:00:00
// backdated commit - 2025-01-27T00:00:00
// backdated commit - 2025-01-28T00:00:00
// backdated commit - 2025-01-29T00:00:00
// backdated commit - 2025-01-30T00:00:00
// backdated commit - 2025-01-31T00:00:00
// backdated commit - 2025-02-01T00:00:00
// backdated commit - 2025-02-02T00:00:00
// backdated commit - 2025-02-03T00:00:00
// backdated commit - 2025-02-04T00:00:00
// backdated commit - 2025-02-05T00:00:00
// backdated commit - 2025-02-06T00:00:00
// backdated commit - 2025-02-07T00:00:00
// backdated commit - 2025-02-08T00:00:00
// backdated commit - 2025-02-09T00:00:00
// backdated commit - 2025-02-10T00:00:00
// backdated commit - 2025-02-11T00:00:00
// backdated commit - 2025-02-12T00:00:00
// backdated commit - 2025-02-13T00:00:00
// backdated commit - 2025-02-14T00:00:00
// backdated commit - 2025-02-15T00:00:00
// backdated commit - 2025-02-16T00:00:00
// backdated commit - 2025-02-17T00:00:00
// backdated commit - 2025-02-18T00:00:00
// backdated commit - 2025-02-19T00:00:00
// backdated commit - 2025-02-20T00:00:00
// backdated commit - 2025-02-21T00:00:00
// backdated commit - 2025-02-22T00:00:00
// backdated commit - 2025-02-23T00:00:00
// backdated commit - 2025-02-24T00:00:00
// backdated commit - 2025-02-25T00:00:00
// backdated commit - 2025-02-26T00:00:00
// backdated commit - 2025-02-27T00:00:00
// backdated commit - 2025-02-28T00:00:00
// backdated commit - 2025-03-01T00:00:00
// backdated commit - 2025-03-02T00:00:00
// backdated commit - 2025-03-03T00:00:00
// backdated commit - 2025-03-04T00:00:00
// backdated commit - 2025-03-05T00:00:00
// backdated commit - 2025-03-06T00:00:00
// backdated commit - 2025-03-07T00:00:00
// backdated commit - 2025-03-08T00:00:00
// backdated commit - 2025-03-09T00:00:00
// backdated commit - 2025-03-10T00:00:00
// backdated commit - 2025-03-11T00:00:00
// backdated commit - 2025-03-12T00:00:00
// backdated commit - 2025-03-13T00:00:00
// backdated commit - 2025-03-14T00:00:00
// backdated commit - 2025-03-15T00:00:00
// backdated commit - 2025-03-16T00:00:00
// backdated commit - 2025-03-17T00:00:00
// backdated commit - 2025-03-18T00:00:00
// backdated commit - 2025-03-19T00:00:00
// backdated commit - 2025-03-20T00:00:00
// backdated commit - 2025-03-21T00:00:00
// backdated commit - 2025-03-22T00:00:00
// backdated commit - 2025-03-23T00:00:00
// backdated commit - 2025-03-24T00:00:00
// backdated commit - 2025-03-25T00:00:00
// backdated commit - 2025-03-26T00:00:00
// backdated commit - 2025-03-27T00:00:00
// backdated commit - 2025-03-28T00:00:00
// backdated commit - 2025-03-29T00:00:00
// backdated commit - 2025-03-30T00:00:00
// backdated commit - 2025-03-31T00:00:00
// backdated commit - 2025-04-01T00:00:00
// backdated commit - 2025-04-02T00:00:00
// backdated commit - 2025-04-03T00:00:00
// backdated commit - 2025-04-04T00:00:00
// backdated commit - 2025-04-05T00:00:00
// backdated commit - 2025-04-06T00:00:00
// backdated commit - 2025-04-07T00:00:00
// backdated commit - 2025-04-08T00:00:00
// backdated commit - 2025-04-09T00:00:00
// backdated commit - 2025-04-10T00:00:00
// backdated commit - 2025-04-11T00:00:00
// backdated commit - 2025-04-12T00:00:00
// backdated commit - 2025-04-13T00:00:00
// backdated commit - 2025-04-14T00:00:00
// backdated commit - 2025-04-15T00:00:00
// backdated commit - 2025-04-16T00:00:00
// backdated commit - 2025-04-17T00:00:00
// backdated commit - 2025-04-18T00:00:00
// backdated commit - 2025-04-19T00:00:00
// backdated commit - 2025-04-20T00:00:00
// backdated commit - 2025-04-21T00:00:00
// backdated commit - 2025-04-22T00:00:00
// backdated commit - 2025-04-23T00:00:00
// backdated commit - 2025-04-24T00:00:00
// backdated commit - 2025-04-25T00:00:00
// backdated commit - 2025-04-26T00:00:00
// backdated commit - 2025-04-27T00:00:00
// backdated commit - 2025-04-28T00:00:00
// backdated commit - 2025-04-29T00:00:00
// backdated commit - 2025-04-30T00:00:00
// backdated commit - 2025-05-01T00:00:00
// backdated commit - 2025-05-02T00:00:00
// backdated commit - 2025-05-03T00:00:00
// backdated commit - 2025-05-04T00:00:00
// backdated commit - 2025-05-05T00:00:00
// backdated commit - 2025-05-06T00:00:00
// backdated commit - 2025-05-07T00:00:00
// backdated commit - 2025-05-08T00:00:00
// backdated commit - 2025-05-09T00:00:00
// backdated commit - 2025-05-10T00:00:00
// backdated commit - 2025-05-11T00:00:00
// backdated commit - 2025-05-12T00:00:00
// backdated commit - 2025-05-13T00:00:00
// backdated commit - 2025-05-14T00:00:00
// backdated commit - 2025-05-15T00:00:00
// backdated commit - 2025-05-16T00:00:00
// backdated commit - 2025-05-17T00:00:00
// backdated commit - 2025-05-18T00:00:00
// backdated commit - 2025-05-19T00:00:00
// backdated commit - 2025-05-20T00:00:00
// backdated commit - 2025-05-21T00:00:00
// backdated commit - 2025-05-22T00:00:00
// backdated commit - 2025-05-23T00:00:00
// backdated commit - 2025-05-24T00:00:00
// backdated commit - 2025-05-25T00:00:00
// backdated commit - 2025-05-26T00:00:00
// backdated commit - 2025-05-27T00:00:00
// backdated commit - 2025-05-28T00:00:00
// backdated commit - 2025-05-29T00:00:00
// backdated commit - 2025-05-30T00:00:00
// backdated commit - 2025-05-31T00:00:00
// backdated commit - 2025-06-01T00:00:00
// backdated commit - 2025-06-02T00:00:00
// backdated commit - 2025-06-03T00:00:00
// backdated commit - 2025-06-04T00:00:00
// backdated commit - 2025-06-05T00:00:00
// backdated commit - 2025-06-06T00:00:00
// backdated commit - 2025-06-07T00:00:00
// backdated commit - 2025-06-08T00:00:00
// backdated commit - 2025-06-09T00:00:00
// backdated commit - 2025-06-10T00:00:00
// backdated commit - 2025-06-11T00:00:00
// backdated commit - 2025-06-12T00:00:00
// backdated commit - 2025-06-13T00:00:00
// backdated commit - 2025-06-14T00:00:00
// backdated commit - 2025-06-15T00:00:00
// backdated commit - 2025-06-16T00:00:00
// backdated commit - 2025-06-17T00:00:00
// backdated commit - 2025-06-18T00:00:00
// backdated commit - 2025-06-19T00:00:00
// backdated commit - 2025-06-20T00:00:00
// backdated commit - 2025-06-21T00:00:00
// backdated commit - 2025-06-22T00:00:00
// backdated commit - 2025-06-23T00:00:00
// backdated commit - 2025-06-24T00:00:00
// backdated commit - 2025-06-25T00:00:00
// backdated commit - 2025-06-26T00:00:00
// backdated commit - 2025-06-27T00:00:00
// backdated commit - 2025-06-28T00:00:00
// backdated commit - 2025-06-29T00:00:00
// backdated commit - 2025-06-30T00:00:00
// backdated commit - 2025-07-01T00:00:00
// backdated commit - 2025-07-02T00:00:00
// backdated commit - 2025-07-03T00:00:00
// backdated commit - 2025-07-04T00:00:00
// backdated commit - 2025-07-05T00:00:00
// backdated commit - 2025-07-06T00:00:00
// backdated commit - 2025-07-07T00:00:00
// backdated commit - 2025-07-08T00:00:00
// backdated commit - 2025-07-09T00:00:00
// backdated commit - 2025-07-10T00:00:00
// backdated commit - 2025-07-11T00:00:00
// backdated commit - 2025-07-12T00:00:00
// backdated commit - 2025-07-13T00:00:00
// backdated commit - 2025-07-14T00:00:00
// backdated commit - 2025-07-15T00:00:00
// backdated commit - 2025-07-16T00:00:00
// backdated commit - 2025-07-17T00:00:00
// backdated commit - 2025-07-18T00:00:00
// backdated commit - 2025-07-19T00:00:00
// backdated commit - 2025-07-20T00:00:00
// backdated commit - 2025-07-21T00:00:00
// backdated commit - 2025-07-22T00:00:00
// backdated commit - 2025-07-23T00:00:00
// backdated commit - 2025-07-24T00:00:00
// backdated commit - 2025-07-25T00:00:00
// backdated commit - 2025-07-26T00:00:00
// backdated commit - 2025-07-27T00:00:00
// backdated commit - 2025-07-28T00:00:00
// backdated commit - 2025-07-29T00:00:00
// backdated commit - 2025-07-30T00:00:00
// backdated commit - 2025-07-31T00:00:00
// backdated commit - 2025-08-01T00:00:00
// backdated commit - 2025-08-02T00:00:00
// backdated commit - 2025-08-03T00:00:00
// backdated commit - 2025-08-04T00:00:00
// backdated commit - 2025-08-05T00:00:00
// backdated commit - 2025-08-06T00:00:00
// backdated commit - 2025-08-07T00:00:00
// backdated commit - 2025-08-08T00:00:00
// backdated commit - 2025-08-09T00:00:00
// backdated commit - 2025-08-10T00:00:00
// backdated commit - 2025-08-11T00:00:00
// backdated commit - 2025-08-12T00:00:00
// backdated commit - 2025-08-13T00:00:00
// backdated commit - 2025-08-14T00:00:00
// backdated commit - 2025-08-15T00:00:00
// backdated commit - 2025-08-16T00:00:00
// backdated commit - 2025-08-17T00:00:00
// backdated commit - 2025-08-18T00:00:00
// backdated commit - 2025-08-19T00:00:00
// backdated commit - 2025-08-20T00:00:00
// backdated commit - 2025-08-21T00:00:00
// backdated commit - 2025-08-22T00:00:00
// backdated commit - 2025-08-23T00:00:00
// backdated commit - 2025-08-24T00:00:00
// backdated commit - 2025-08-25T00:00:00
// backdated commit - 2025-08-26T00:00:00
// backdated commit - 2025-08-27T00:00:00
// backdated commit - 2025-08-28T00:00:00
// backdated commit - 2025-08-29T00:00:00
// backdated commit - 2025-08-30T00:00:00
// backdated commit - 2025-08-31T00:00:00
// backdated commit - 2025-09-01T00:00:00
// backdated commit - 2025-09-02T00:00:00
// backdated commit - 2025-09-03T00:00:00
// backdated commit - 2025-09-04T00:00:00
// backdated commit - 2025-09-05T00:00:00
// backdated commit - 2025-09-06T00:00:00
// backdated commit - 2025-09-07T00:00:00
// backdated commit - 2025-09-08T00:00:00
// backdated commit - 2025-09-09T00:00:00
// backdated commit - 2025-09-10T00:00:00
// backdated commit - 2025-09-11T00:00:00
// backdated commit - 2025-09-12T00:00:00
// backdated commit - 2025-09-13T00:00:00
// backdated commit - 2025-09-14T00:00:00
// backdated commit - 2025-09-15T00:00:00
// backdated commit - 2025-09-16T00:00:00
// backdated commit - 2025-09-17T00:00:00
// commit 1 on 2024-10-01T16:24:08
// commit 2 on 2024-10-01T10:05:17
// commit 3 on 2024-10-01T13:48:23
// commit 1 on 2024-10-02T20:17:22
// commit 2 on 2024-10-02T15:03:26
// commit 3 on 2024-10-02T14:32:54
// commit 4 on 2024-10-02T13:09:32
// commit 5 on 2024-10-02T11:14:01
// commit 6 on 2024-10-02T14:34:43
// commit 1 on 2024-10-03T20:48:10
// commit 2 on 2024-10-03T18:23:01
// commit 3 on 2024-10-03T11:16:48
// commit 4 on 2024-10-03T21:39:13
// commit 5 on 2024-10-03T20:33:03
// commit 1 on 2024-10-04T18:34:14
// commit 2 on 2024-10-04T18:45:40
// commit 3 on 2024-10-04T18:40:45
// commit 4 on 2024-10-04T10:58:46
// commit 5 on 2024-10-04T12:25:27
// commit 6 on 2024-10-04T12:44:30
// commit 1 on 2024-10-05T16:44:36
// commit 2 on 2024-10-05T12:50:05
// commit 3 on 2024-10-05T14:04:37
// commit 4 on 2024-10-05T21:42:57
// commit 1 on 2024-10-06T10:01:21
// commit 2 on 2024-10-06T12:22:13
// commit 3 on 2024-10-06T20:23:03
// commit 1 on 2024-10-07T11:05:17
// commit 1 on 2024-10-08T20:50:22
// commit 2 on 2024-10-08T21:17:57
// commit 3 on 2024-10-08T19:44:48
// commit 4 on 2024-10-08T11:21:39
// commit 5 on 2024-10-08T20:40:26
// commit 6 on 2024-10-08T10:35:21
// commit 7 on 2024-10-08T12:11:44
// commit 8 on 2024-10-08T09:58:42
// commit 1 on 2024-10-09T15:15:11
// commit 2 on 2024-10-09T14:43:56
// commit 3 on 2024-10-09T18:55:02
// commit 4 on 2024-10-09T09:27:53
// commit 5 on 2024-10-09T15:41:01
// commit 1 on 2024-10-10T10:42:57
// commit 2 on 2024-10-10T21:28:15
// commit 3 on 2024-10-10T13:41:30
// commit 1 on 2024-10-11T14:07:21
// commit 2 on 2024-10-11T17:45:32
// commit 3 on 2024-10-11T12:11:50
// commit 1 on 2024-10-12T19:49:02
// commit 2 on 2024-10-12T09:57:37
// commit 3 on 2024-10-12T19:45:07
// commit 4 on 2024-10-12T21:42:45
// commit 1 on 2024-10-13T11:48:34
// commit 2 on 2024-10-13T14:02:09
// commit 1 on 2024-10-14T12:04:16
// commit 2 on 2024-10-14T16:41:38
// commit 3 on 2024-10-14T11:34:48
// commit 4 on 2024-10-14T11:49:05
// commit 5 on 2024-10-14T11:45:13
// commit 6 on 2024-10-14T18:45:15
// commit 7 on 2024-10-14T12:01:55
// commit 8 on 2024-10-14T15:46:16
// commit 1 on 2024-10-15T16:02:16
// commit 2 on 2024-10-15T14:29:46
// commit 3 on 2024-10-15T10:56:13
// commit 4 on 2024-10-15T13:44:07
// commit 5 on 2024-10-15T16:54:00
// commit 6 on 2024-10-15T20:03:46
// commit 7 on 2024-10-15T16:31:03
// commit 8 on 2024-10-15T16:21:00
// commit 1 on 2024-10-16T18:57:54
// commit 2 on 2024-10-16T20:03:36
// commit 3 on 2024-10-16T17:28:44
// commit 4 on 2024-10-16T19:24:19
// commit 5 on 2024-10-16T16:23:37
// commit 6 on 2024-10-16T12:47:49
// commit 1 on 2024-10-17T13:55:03
// commit 2 on 2024-10-17T14:39:33
// commit 3 on 2024-10-17T08:28:42
// commit 1 on 2024-10-18T10:49:52
// commit 1 on 2024-10-19T14:45:22
// commit 2 on 2024-10-19T14:04:14
// commit 3 on 2024-10-19T11:56:36
// commit 4 on 2024-10-19T21:27:31
// commit 5 on 2024-10-19T17:51:32
// commit 6 on 2024-10-19T09:34:06
// commit 1 on 2024-10-20T17:18:26
// commit 2 on 2024-10-20T09:46:46
// commit 1 on 2024-10-22T09:41:25
// commit 2 on 2024-10-22T19:26:20
// commit 1 on 2024-10-23T21:09:17
// commit 2 on 2024-10-23T12:52:44
// commit 3 on 2024-10-23T09:07:44
// commit 4 on 2024-10-23T10:41:24
// commit 5 on 2024-10-23T21:30:15
// commit 1 on 2024-10-24T10:48:09
// commit 2 on 2024-10-24T15:07:45
// commit 3 on 2024-10-24T18:29:48
// commit 4 on 2024-10-24T15:48:28
// commit 1 on 2024-10-25T21:17:48
// commit 2 on 2024-10-25T13:01:25
// commit 3 on 2024-10-25T12:47:10
// commit 4 on 2024-10-25T17:17:33
// commit 5 on 2024-10-25T15:38:44
// commit 1 on 2024-10-26T21:44:21
// commit 2 on 2024-10-26T16:45:37
// commit 1 on 2024-10-27T19:19:56
// commit 2 on 2024-10-27T20:03:05
// commit 3 on 2024-10-27T10:17:19
// commit 4 on 2024-10-27T09:39:46
// commit 5 on 2024-10-27T21:25:41
// commit 6 on 2024-10-27T19:50:50
// commit 7 on 2024-10-27T18:32:48
// commit 8 on 2024-10-27T09:01:48
// commit 1 on 2024-10-28T20:46:49
// commit 2 on 2024-10-28T11:06:51
// commit 3 on 2024-10-28T16:40:15
// commit 4 on 2024-10-28T16:13:18
// commit 1 on 2024-10-29T18:43:27
// commit 2 on 2024-10-29T18:52:07
// commit 3 on 2024-10-29T11:57:36
// commit 4 on 2024-10-29T21:04:32
// commit 5 on 2024-10-29T16:00:06
// commit 1 on 2024-10-30T14:40:43
// commit 2 on 2024-10-30T12:05:11
// commit 3 on 2024-10-30T17:01:04
// commit 4 on 2024-10-30T18:37:40
// commit 5 on 2024-10-30T21:03:56
// commit 6 on 2024-10-30T21:10:39
// commit 7 on 2024-10-30T10:23:37
// commit 1 on 2024-10-31T10:19:27
// commit 2 on 2024-10-31T09:44:53
// commit 3 on 2024-10-31T12:51:02
// commit 4 on 2024-10-31T21:03:33
// commit 5 on 2024-10-31T14:16:56
// commit 6 on 2024-10-31T14:51:54
// commit 7 on 2024-10-31T10:43:02
// commit 1 on 2024-11-01T19:35:51
// commit 2 on 2024-11-01T19:15:43
// commit 3 on 2024-11-01T19:57:44
// commit 4 on 2024-11-01T08:27:28
// commit 5 on 2024-11-01T08:18:48
// commit 6 on 2024-11-01T10:49:20
// commit 7 on 2024-11-01T19:07:31
// commit 8 on 2024-11-01T13:57:49
// commit 9 on 2024-11-01T11:24:29
// commit 1 on 2024-11-02T10:16:16
// commit 1 on 2024-11-04T17:21:14
// commit 2 on 2024-11-04T08:25:23
// commit 3 on 2024-11-04T08:58:53
// commit 4 on 2024-11-04T18:30:45
// commit 1 on 2024-11-05T19:17:56
// commit 1 on 2024-11-06T17:23:11
// commit 2 on 2024-11-06T18:41:41
// commit 3 on 2024-11-06T14:15:26
// commit 4 on 2024-11-06T17:44:07
// commit 5 on 2024-11-06T18:23:37
// commit 6 on 2024-11-06T12:38:52
// commit 7 on 2024-11-06T08:39:23
// commit 1 on 2024-11-07T10:29:08
// commit 2 on 2024-11-07T18:27:13
// commit 3 on 2024-11-07T09:55:38
// commit 4 on 2024-11-07T11:07:06
// commit 5 on 2024-11-07T14:02:45
// commit 6 on 2024-11-07T18:08:54
// commit 7 on 2024-11-07T15:12:37
// commit 8 on 2024-11-07T08:45:51
// commit 1 on 2024-11-08T14:34:22
// commit 2 on 2024-11-08T16:25:48
// commit 3 on 2024-11-08T17:22:11
// commit 4 on 2024-11-08T18:58:07
// commit 5 on 2024-11-08T21:49:45
// commit 6 on 2024-11-08T10:06:15
// commit 7 on 2024-11-08T20:52:34
// commit 1 on 2024-11-09T17:29:43
// commit 2 on 2024-11-09T21:38:32
// commit 3 on 2024-11-09T13:27:41
// commit 4 on 2024-11-09T19:52:02
// commit 1 on 2024-11-10T12:55:51
// commit 2 on 2024-11-10T20:53:09
// commit 3 on 2024-11-10T09:47:33
// commit 4 on 2024-11-10T12:08:31
// commit 5 on 2024-11-10T11:12:07
// commit 6 on 2024-11-10T14:13:00
// commit 7 on 2024-11-10T10:29:41
// commit 8 on 2024-11-10T13:54:52
// commit 9 on 2024-11-10T12:42:51
// commit 1 on 2024-11-11T17:34:58
// commit 2 on 2024-11-11T14:44:41
// commit 3 on 2024-11-11T20:51:53
// commit 4 on 2024-11-11T18:39:24
// commit 5 on 2024-11-11T21:22:55
// commit 6 on 2024-11-11T12:21:13
// commit 7 on 2024-11-11T14:02:09
// commit 8 on 2024-11-11T09:29:01
// commit 9 on 2024-11-11T10:30:47
// commit 1 on 2024-11-12T16:53:31
// commit 1 on 2024-11-13T11:51:57
// commit 2 on 2024-11-13T12:14:32
// commit 3 on 2024-11-13T21:06:09
// commit 4 on 2024-11-13T12:06:35
// commit 5 on 2024-11-13T10:45:11
// commit 6 on 2024-11-13T08:58:22
// commit 1 on 2024-11-14T16:24:18
// commit 2 on 2024-11-14T11:58:30
// commit 3 on 2024-11-14T21:30:29
// commit 4 on 2024-11-14T11:39:56
// commit 5 on 2024-11-14T17:54:40
// commit 6 on 2024-11-14T13:55:55
// commit 7 on 2024-11-14T12:33:48
// commit 8 on 2024-11-14T10:13:01
// commit 9 on 2024-11-14T21:00:00
// commit 1 on 2024-11-15T20:23:54
// commit 2 on 2024-11-15T10:03:48
// commit 3 on 2024-11-15T20:09:41
// commit 4 on 2024-11-15T08:33:41
// commit 5 on 2024-11-15T20:26:31
// commit 6 on 2024-11-15T12:13:11
// commit 7 on 2024-11-15T15:42:58
// commit 1 on 2024-11-16T10:33:11
// commit 2 on 2024-11-16T08:04:39
// commit 3 on 2024-11-16T14:25:45
// commit 1 on 2024-11-17T15:54:45
// commit 2 on 2024-11-17T08:26:32
// commit 3 on 2024-11-17T17:52:37
// commit 4 on 2024-11-17T15:30:41
// commit 5 on 2024-11-17T08:12:23
// commit 6 on 2024-11-17T12:37:48
// commit 7 on 2024-11-17T13:31:21
// commit 1 on 2024-11-18T12:51:25
// commit 1 on 2024-11-19T13:30:42
// commit 2 on 2024-11-19T16:32:39
// commit 3 on 2024-11-19T21:28:01
// commit 4 on 2024-11-19T17:55:34
// commit 5 on 2024-11-19T09:52:11
// commit 6 on 2024-11-19T08:49:28
// commit 7 on 2024-11-19T14:12:33
// commit 1 on 2024-11-20T12:25:18
// commit 2 on 2024-11-20T18:44:56
// commit 3 on 2024-11-20T08:15:40
// commit 4 on 2024-11-20T16:02:34
// commit 5 on 2024-11-20T08:01:04
// commit 6 on 2024-11-20T15:12:13
// commit 7 on 2024-11-20T14:01:01
// commit 8 on 2024-11-20T13:11:14
// commit 9 on 2024-11-20T11:20:00
// commit 1 on 2024-11-21T11:33:36
// commit 2 on 2024-11-21T18:46:29
// commit 3 on 2024-11-21T18:33:51
// commit 4 on 2024-11-21T19:31:31
// commit 5 on 2024-11-21T15:36:38
// commit 6 on 2024-11-21T12:04:01
// commit 7 on 2024-11-21T09:48:12
// commit 8 on 2024-11-21T13:09:32
// commit 9 on 2024-11-21T10:23:19
// commit 1 on 2024-11-22T11:26:48
// commit 2 on 2024-11-22T13:27:26
// commit 3 on 2024-11-22T12:40:50
// commit 4 on 2024-11-22T09:05:57
// commit 5 on 2024-11-22T20:07:05
// commit 1 on 2024-11-23T20:56:46
// commit 2 on 2024-11-23T14:15:24
// commit 1 on 2024-11-24T13:50:44
// commit 2 on 2024-11-24T17:01:13
// commit 3 on 2024-11-24T10:18:32
// commit 4 on 2024-11-24T09:31:43
// commit 5 on 2024-11-24T09:48:37
// commit 6 on 2024-11-24T10:56:54
// commit 7 on 2024-11-24T15:39:23
// commit 8 on 2024-11-24T10:31:24
// commit 1 on 2024-11-25T21:32:13
// commit 2 on 2024-11-25T18:36:28
// commit 3 on 2024-11-25T16:45:09
// commit 4 on 2024-11-25T16:19:33
// commit 5 on 2024-11-25T14:29:45
// commit 6 on 2024-11-25T13:58:30
// commit 7 on 2024-11-25T12:20:24
// commit 8 on 2024-11-25T12:32:02
// commit 1 on 2024-11-26T21:10:39
// commit 2 on 2024-11-26T12:13:09
// commit 3 on 2024-11-26T09:05:42
// commit 4 on 2024-11-26T17:17:14
// commit 1 on 2024-11-27T20:04:51
// commit 2 on 2024-11-27T18:25:50
// commit 3 on 2024-11-27T12:36:28
// commit 4 on 2024-11-27T17:22:04
// commit 5 on 2024-11-27T11:31:30
// commit 6 on 2024-11-27T16:20:16
// commit 1 on 2024-11-28T18:18:44
// commit 2 on 2024-11-28T17:11:24
// commit 3 on 2024-11-28T10:47:37
// commit 4 on 2024-11-28T15:56:49
// commit 5 on 2024-11-28T14:03:00
// commit 1 on 2024-11-29T17:02:20
// commit 2 on 2024-11-29T12:34:28
// commit 3 on 2024-11-29T17:23:49
// commit 4 on 2024-11-29T10:55:05
// commit 5 on 2024-11-29T11:19:54
// commit 6 on 2024-11-29T15:48:38
// commit 7 on 2024-11-29T16:17:18
// commit 1 on 2024-11-30T19:22:44
// commit 2 on 2024-11-30T19:39:48
// commit 3 on 2024-11-30T18:14:28
// commit 4 on 2024-11-30T13:34:22
// commit 5 on 2024-11-30T08:02:17
// commit 6 on 2024-11-30T19:55:25
// commit 7 on 2024-11-30T12:32:21
// commit 1 on 2024-12-01T21:21:23
// commit 2 on 2024-12-01T08:33:07
// commit 3 on 2024-12-01T14:55:16
// commit 4 on 2024-12-01T13:34:01
// commit 5 on 2024-12-01T09:06:03
// commit 6 on 2024-12-01T11:10:36
// commit 7 on 2024-12-01T19:40:36
// commit 1 on 2024-12-02T17:13:41
// commit 2 on 2024-12-02T21:55:38
// commit 3 on 2024-12-02T19:41:43
// commit 4 on 2024-12-02T13:20:52
// commit 5 on 2024-12-02T18:06:19
// commit 6 on 2024-12-02T15:21:43
// commit 7 on 2024-12-02T19:16:23
// commit 8 on 2024-12-02T21:19:36
// commit 1 on 2024-12-03T13:56:20
// commit 2 on 2024-12-03T09:57:47
// commit 3 on 2024-12-03T08:46:29
// commit 4 on 2024-12-03T20:26:06
// commit 5 on 2024-12-03T17:54:19
// commit 1 on 2024-12-04T20:05:33
// commit 2 on 2024-12-04T19:33:38
// commit 3 on 2024-12-04T15:12:21
// commit 4 on 2024-12-04T14:22:13
// commit 5 on 2024-12-04T09:31:15
// commit 1 on 2024-12-05T20:26:23
// commit 1 on 2024-12-06T18:42:08
// commit 2 on 2024-12-06T16:39:55
// commit 1 on 2024-12-07T13:30:07
// commit 2 on 2024-12-07T12:37:10
// commit 3 on 2024-12-07T15:45:00
// commit 4 on 2024-12-07T10:52:53
// commit 5 on 2024-12-07T11:49:10
// commit 6 on 2024-12-07T09:32:50
// commit 7 on 2024-12-07T10:56:35
// commit 8 on 2024-12-07T15:12:23
// commit 9 on 2024-12-07T18:51:17
// commit 1 on 2024-12-08T21:06:52
// commit 2 on 2024-12-08T09:27:03
// commit 1 on 2024-12-09T16:32:27
// commit 2 on 2024-12-09T20:44:20
// commit 1 on 2024-12-10T11:51:52
// commit 1 on 2024-12-11T11:45:27
// commit 2 on 2024-12-11T17:21:57
// commit 1 on 2024-12-14T15:28:51
// commit 2 on 2024-12-14T14:18:40
// commit 3 on 2024-12-14T19:39:22
// commit 4 on 2024-12-14T20:18:17
// commit 1 on 2024-12-16T12:25:30
// commit 2 on 2024-12-16T20:37:30
// commit 3 on 2024-12-16T13:30:45
// commit 4 on 2024-12-16T21:09:05
// commit 5 on 2024-12-16T18:41:02
// commit 6 on 2024-12-16T11:31:35
// commit 7 on 2024-12-16T19:30:42
// commit 8 on 2024-12-16T19:02:08
// commit 1 on 2024-12-17T09:24:10
// commit 2 on 2024-12-17T11:01:30
// commit 1 on 2024-12-18T14:33:09
// commit 2 on 2024-12-18T20:44:40
// commit 3 on 2024-12-18T18:19:19
// commit 4 on 2024-12-18T13:51:45
// commit 5 on 2024-12-18T13:06:12
